  Main.cpp
C:\Users\Nir\Desktop\Algorithms-Pathfinder-Project\Algorithms-Pathfinder-Project\Main.cpp(20,20): warning C4244: 'initializing': conversion from '_Rep' to 'double', possible loss of data
          with
          [
              _Rep=__int64
          ]
C:\Users\Nir\Desktop\Algorithms-Pathfinder-Project\Algorithms-Pathfinder-Project\Main.cpp(29,76): warning C4244: '=': conversion from '_Rep' to 'double', possible loss of data
          with
          [
              _Rep=__int64
          ]
C:\Users\Nir\Desktop\Algorithms-Pathfinder-Project\Algorithms-Pathfinder-Project\Main.cpp(38,76): warning C4244: '=': conversion from '_Rep' to 'double', possible loss of data
          with
          [
              _Rep=__int64
          ]
C:\Users\Nir\Desktop\Algorithms-Pathfinder-Project\Algorithms-Pathfinder-Project\Main.cpp(46,76): warning C4244: '=': conversion from '_Rep' to 'double', possible loss of data
          with
          [
              _Rep=__int64
          ]
C:\Users\Nir\Desktop\Algorithms-Pathfinder-Project\Algorithms-Pathfinder-Project\Main.cpp(57,76): warning C4244: '=': conversion from '_Rep' to 'double', possible loss of data
          with
          [
              _Rep=__int64
          ]
C:\Users\Nir\Desktop\Algorithms-Pathfinder-Project\Algorithms-Pathfinder-Project\Main.cpp(67,76): warning C4244: '=': conversion from '_Rep' to 'double', possible loss of data
          with
          [
              _Rep=__int64
          ]
  Algorithms-Pathfinder-Project.vcxproj -> C:\Users\Nir\Desktop\Algorithms-Pathfinder-Project\Debug\Algorithms-Pathfinder-Project.exe
